<?xml version="1.0" encoding="UTF-8"?>
<!-- Generated by org.testng.reporters.JUnitReportReporter -->
<testsuite hostname="DESKTOP-DCMMFHS" failures="0" tests="1" name="vladkononov.ExtentReports.ExtentReportDemo" time="9.600" errors="0" timestamp="2020-05-07T15:14:31 PDT" skipped="0">
  <testcase classname="vladkononov.ExtentReports.ExtentReportDemo" name="initialDemo" time="9.600"/>
  <system-out/>
</testsuite> <!-- vladkononov.ExtentReports.ExtentReportDemo -->
